Using pre-set license
Built from '2022.3/staging' branch; Version is '2022.3.37f1 (340ba89e4c23) revision 3410856'; Using compiler version '192829333'; Build Type 'Release'
OS: 'Windows 11  (10.0.22631) 64bit Core' Language: 'en' Physical Memory: 32479 MB
BatchMode: 1, IsHumanControllingUs: 0, StartBugReporterOnCrash: 0, Is64bit: 1, IsPro: 1

COMMAND LINE ARGUMENTS:
C:\Program Files\Unity\Hub\Editor\2022.3.37f1\Editor\Unity.exe
-adb2
-batchMode
-noUpm
-name
AssetImportWorker4
-projectPath
C:/FabiusTriumph/FabiusTriumph/Fabius-Triumph
-logFile
Logs/AssetImportWorker4.log
-srvPort
51618
Successfully changed project path to: C:/FabiusTriumph/FabiusTriumph/Fabius-Triumph
C:/FabiusTriumph/FabiusTriumph/Fabius-Triumph
[UnityMemory] Configuration Parameters - Can be set up in boot.config
    "memorysetup-bucket-allocator-granularity=16"
    "memorysetup-bucket-allocator-bucket-count=8"
    "memorysetup-bucket-allocator-block-size=33554432"
    "memorysetup-bucket-allocator-block-count=8"
    "memorysetup-main-allocator-block-size=16777216"
    "memorysetup-thread-allocator-block-size=16777216"
    "memorysetup-gfx-main-allocator-block-size=16777216"
    "memorysetup-gfx-thread-allocator-block-size=16777216"
    "memorysetup-cache-allocator-block-size=4194304"
    "memorysetup-typetree-allocator-block-size=2097152"
    "memorysetup-profiler-bucket-allocator-granularity=16"
    "memorysetup-profiler-bucket-allocator-bucket-count=8"
    "memorysetup-profiler-bucket-allocator-block-size=33554432"
    "memorysetup-profiler-bucket-allocator-block-count=8"
    "memorysetup-profiler-allocator-block-size=16777216"
    "memorysetup-profiler-editor-allocator-block-size=1048576"
    "memorysetup-temp-allocator-size-main=16777216"
    "memorysetup-job-temp-allocator-block-size=2097152"
    "memorysetup-job-temp-allocator-block-size-background=1048576"
    "memorysetup-job-temp-allocator-reduction-small-platforms=262144"
    "memorysetup-allocator-temp-initial-block-size-main=262144"
    "memorysetup-allocator-temp-initial-block-size-worker=262144"
    "memorysetup-temp-allocator-size-background-worker=32768"
    "memorysetup-temp-allocator-size-job-worker=262144"
    "memorysetup-temp-allocator-size-preload-manager=33554432"
    "memorysetup-temp-allocator-size-nav-mesh-worker=65536"
    "memorysetup-temp-allocator-size-audio-worker=65536"
    "memorysetup-temp-allocator-size-cloud-worker=32768"
    "memorysetup-temp-allocator-size-gi-baking-worker=262144"
    "memorysetup-temp-allocator-size-gfx=262144"
Player connection [21876] Host "[IP] 192.168.100.30 [Port] 0 [Flags] 2 [Guid] 2684760020 [EditorId] 2684760020 [Version] 1048832 [Id] WindowsEditor(7,AhmadCheema) [Debug] 1 [PackageName] WindowsEditor [ProjectName] Editor" joined multi-casting on [225.0.0.222:54997]...

Player connection [21876] Host "[IP] 192.168.100.30 [Port] 0 [Flags] 2 [Guid] 2684760020 [EditorId] 2684760020 [Version] 1048832 [Id] WindowsEditor(7,AhmadCheema) [Debug] 1 [PackageName] WindowsEditor [ProjectName] Editor" joined alternative multi-casting on [225.0.0.222:34997]...

[PhysX] Initialized MultithreadedTaskDispatcher with 12 workers.
Refreshing native plugins compatible for Editor in 14.37 ms, found 3 plugins.
Preloading 0 native plugins for Editor in 0.00 ms.
Initialize engine version: 2022.3.37f1 (340ba89e4c23)
[Subsystems] Discovering subsystems at path C:/Program Files/Unity/Hub/Editor/2022.3.37f1/Editor/Data/Resources/UnitySubsystems
[Subsystems] Discovering subsystems at path C:/FabiusTriumph/FabiusTriumph/Fabius-Triumph/Assets
GfxDevice: creating device client; threaded=0; jobified=0
Direct3D:
    Version:  Direct3D 11.0 [level 11.1]
    Renderer: Intel(R) Iris(R) Xe Graphics (ID=0xa7a1)
    Vendor:   Intel
    VRAM:     16239 MB
    Driver:   31.0.101.5333
Initialize mono
Mono path[0] = 'C:/Program Files/Unity/Hub/Editor/2022.3.37f1/Editor/Data/Managed'
Mono path[1] = 'C:/Program Files/Unity/Hub/Editor/2022.3.37f1/Editor/Data/MonoBleedingEdge/lib/mono/unityjit-win32'
Mono config path = 'C:/Program Files/Unity/Hub/Editor/2022.3.37f1/Editor/Data/MonoBleedingEdge/etc'
Using monoOptions --debugger-agent=transport=dt_socket,embedding=1,server=y,suspend=n,address=127.0.0.1:56012
Begin MonoManager ReloadAssembly
Registering precompiled unity dll's ...
Register platform support module: C:/Program Files/Unity/Hub/Editor/2022.3.37f1/Editor/Data/PlaybackEngines/WindowsStandaloneSupport/UnityEditor.WindowsStandalone.Extensions.dll
Registered in 0.010107 seconds.
- Loaded All Assemblies, in  0.568 seconds
Native extension for WindowsStandalone target not found
Mono: successfully reloaded assembly
- Finished resetting the current domain, in  0.463 seconds
Domain Reload Profiling: 1030ms
	BeginReloadAssembly (163ms)
		ExecutionOrderSort (0ms)
		DisableScriptedObjects (0ms)
		BackupInstance (0ms)
		ReleaseScriptingObjects (0ms)
		CreateAndSetChildDomain (1ms)
	RebuildCommonClasses (52ms)
	RebuildNativeTypeToScriptingClass (32ms)
	initialDomainReloadingComplete (139ms)
	LoadAllAssembliesAndSetupDomain (179ms)
		LoadAssemblies (162ms)
		RebuildTransferFunctionScriptingTraits (0ms)
		AnalyzeDomain (176ms)
			TypeCache.Refresh (174ms)
				TypeCache.ScanAssembly (156ms)
			ScanForSourceGeneratedMonoScriptInfo (0ms)
			ResolveRequiredComponents (1ms)
	FinalizeReload (464ms)
		ReleaseScriptCaches (0ms)
		RebuildScriptCaches (0ms)
		SetupLoadedEditorAssemblies (360ms)
			LogAssemblyErrors (0ms)
			InitializePlatformSupportModulesInManaged (11ms)
			SetLoadedEditorAssemblies (10ms)
			RefreshPlugins (0ms)
			BeforeProcessingInitializeOnLoad (3ms)
			ProcessInitializeOnLoadAttributes (232ms)
			ProcessInitializeOnLoadMethodAttributes (104ms)
			AfterProcessingInitializeOnLoad (0ms)
			EditorAssembliesLoaded (0ms)
		ExecutionOrderSort2 (0ms)
		AwakeInstancesAfterBackupRestoration (0ms)
========================================================================
Worker process is ready to serve import requests
Begin MonoManager ReloadAssembly
- Loaded All Assemblies, in  1.065 seconds
Refreshing native plugins compatible for Editor in 3.08 ms, found 3 plugins.
Native extension for WindowsStandalone target not found
Package Manager log level set to [2]
[Package Manager] Server::EnsureServerProcessIsRunning -- launch failed, reason: Unity was launched with the -noUpm command-line argument
[Package Manager] UpmClient::Send -- Unable to send message (not connected to UPM process).
[Package Manager] Cannot connect to Unity Package Manager local server
Mono: successfully reloaded assembly
- Finished resetting the current domain, in  1.090 seconds
Domain Reload Profiling: 2152ms
	BeginReloadAssembly (220ms)
		ExecutionOrderSort (0ms)
		DisableScriptedObjects (8ms)
		BackupInstance (0ms)
		ReleaseScriptingObjects (0ms)
		CreateAndSetChildDomain (25ms)
	RebuildCommonClasses (57ms)
	RebuildNativeTypeToScriptingClass (17ms)
	initialDomainReloadingComplete (68ms)
	LoadAllAssembliesAndSetupDomain (700ms)
		LoadAssemblies (444ms)
		RebuildTransferFunctionScriptingTraits (0ms)
		AnalyzeDomain (383ms)
			TypeCache.Refresh (341ms)
				TypeCache.ScanAssembly (320ms)
			ScanForSourceGeneratedMonoScriptInfo (32ms)
			ResolveRequiredComponents (9ms)
	FinalizeReload (1090ms)
		ReleaseScriptCaches (0ms)
		RebuildScriptCaches (0ms)
		SetupLoadedEditorAssemblies (835ms)
			LogAssemblyErrors (0ms)
			InitializePlatformSupportModulesInManaged (9ms)
			SetLoadedEditorAssemblies (5ms)
			RefreshPlugins (0ms)
			BeforeProcessingInitializeOnLoad (86ms)
			ProcessInitializeOnLoadAttributes (625ms)
			ProcessInitializeOnLoadMethodAttributes (101ms)
			AfterProcessingInitializeOnLoad (7ms)
			EditorAssembliesLoaded (0ms)
		ExecutionOrderSort2 (0ms)
		AwakeInstancesAfterBackupRestoration (9ms)
Launched and connected shader compiler UnityShaderCompiler.exe after 0.07 seconds
Refreshing native plugins compatible for Editor in 6.09 ms, found 3 plugins.
Preloading 0 native plugins for Editor in 0.00 ms.
Unloading 4969 Unused Serialized files (Serialized files now loaded: 0)
Unloading 61 unused Assets / (1.2 MB). Loaded Objects now: 5448.
Memory consumption went from 250.2 MB to 249.1 MB.
Total: 7.998800 ms (FindLiveObjects: 0.442600 ms CreateObjectMapping: 0.275600 ms MarkObjects: 6.881500 ms  DeleteObjects: 0.397300 ms)

AssetImportParameters requested are different than current active one (requested -> active):
  custom:container-demuxer-ogg: 62fdf1f143b41e24485cea50d1cbac27 -> 
  custom:video-codec-MediaFoundation-h265: 746d11721c4dcdbdad8f713fa42b33f4 -> 
  custom:video-decoder-ogg-theora: a1e56fd34408186e4bbccfd4996cb3dc -> 
  custom:framework-win-MediaFoundation: 216162199b28c13a410421893ffa2e32 -> 
  custom:CustomObjectIndexerAttribute: 9a22284fe3817be447336de3de66b15e -> 
  custom:container-demuxer-webm: 4f35f7cbe854078d1ac9338744f61a02 -> 
  custom:container-muxer-webm: aa71ff27fc2769a1b78a27578f13a17b -> 
  custom:video-decoder-webm-vp8: 9c59270c3fd7afecdb556c50c9e8de78 -> 
  custom:SearchIndexIgnoredProperties: e643bd26f0fe6173181afceb89e7c659 -> 
  custom:AudioImporter_EditorPlatform: d09bf68614088b80899f8185d706f6e7 -> 
  custom:video-encoder-webm-vp8: eb34c28f22e8b96e1ab97ce403110664 -> 
  custom:audio-decoder-ogg-vorbis: bf7c407c2cedff20999df2af8eb42d56 -> 
  custom:audio-encoder-webm-vorbis: bf7c407c2cedff20999df2af8eb42d56 -> 
========================================================================
Received Import Request.
  Time since last request: 578522.372183 seconds.
  path: Assets/Original Bricks Textures/Bricks Texture 01/Bricks Texture 01 normal.tga
  artifactKey: Guid(36d8eefb8ffd6c44184232f47bf0b564) Importer(815301076,1909f56bfc062723c751e8b465ee728b)
Start importing Assets/Original Bricks Textures/Bricks Texture 01/Bricks Texture 01 normal.tga using Guid(36d8eefb8ffd6c44184232f47bf0b564) Importer(815301076,1909f56bfc062723c751e8b465ee728b) [PhysX] Initialized MultithreadedTaskDispatcher with 12 workers.
[PhysX] Initialized MultithreadedTaskDispatcher with 12 workers.
 -> (artifact id: 'f26396851e669960d8495a56d0f118ea') in 0.203956 seconds
Number of updated asset objects reloaded before import = 0
Number of asset objects unloaded after import = 2
========================================================================
Received Import Request.
  Time since last request: 0.161646 seconds.
  path: Assets/Original Bricks Textures/Bricks Texture 04/Bricks Texture 04 normal.tga
  artifactKey: Guid(7d45afa6a723cb045a0f99c3b0b290a7) Importer(815301076,1909f56bfc062723c751e8b465ee728b)
Start importing Assets/Original Bricks Textures/Bricks Texture 04/Bricks Texture 04 normal.tga using Guid(7d45afa6a723cb045a0f99c3b0b290a7) Importer(815301076,1909f56bfc062723c751e8b465ee728b) [PhysX] Initialized MultithreadedTaskDispatcher with 12 workers.
[PhysX] Initialized MultithreadedTaskDispatcher with 12 workers.
 -> (artifact id: '7b3eab16d5408fb591184639261472cc') in 0.050953 seconds
Number of updated asset objects reloaded before import = 0
Number of asset objects unloaded after import = 2
========================================================================
Received Import Request.
  Time since last request: 0.000277 seconds.
  path: Assets/Original Bricks Textures/Bricks Texture 06/Bricks Texture 06 diffuse.tga
  artifactKey: Guid(9c111b4dddcaa4447a7de8419b2ad7dc) Importer(815301076,1909f56bfc062723c751e8b465ee728b)
Start importing Assets/Original Bricks Textures/Bricks Texture 06/Bricks Texture 06 diffuse.tga using Guid(9c111b4dddcaa4447a7de8419b2ad7dc) Importer(815301076,1909f56bfc062723c751e8b465ee728b) [PhysX] Initialized MultithreadedTaskDispatcher with 12 workers.
[PhysX] Initialized MultithreadedTaskDispatcher with 12 workers.
 -> (artifact id: '35283deaa8b67ec1271660a18ddcd98b') in 0.039707 seconds
Number of updated asset objects reloaded before import = 0
Number of asset objects unloaded after import = 2
========================================================================
Received Import Request.
  Time since last request: 0.000025 seconds.
  path: Assets/Original Bricks Textures/Bricks Texture 07/Bricks Texture 07 diffuse.tga
  artifactKey: Guid(18343bde360ab9b40b20ab49606d8af9) Importer(815301076,1909f56bfc062723c751e8b465ee728b)
Start importing Assets/Original Bricks Textures/Bricks Texture 07/Bricks Texture 07 diffuse.tga using Guid(18343bde360ab9b40b20ab49606d8af9) Importer(815301076,1909f56bfc062723c751e8b465ee728b) [PhysX] Initialized MultithreadedTaskDispatcher with 12 workers.
[PhysX] Initialized MultithreadedTaskDispatcher with 12 workers.
 -> (artifact id: '0f292419b57266e0c76cc1cd4d28736c') in 0.070333 seconds
Number of updated asset objects reloaded before import = 0
Number of asset objects unloaded after import = 2
========================================================================
Received Import Request.
  Time since last request: 0.203247 seconds.
  path: Assets/Original Bricks Textures/Bricks Texture 08/Bricks Texture 08 normal.tga
  artifactKey: Guid(fdc3e28019d7b8d43b64975a74536517) Importer(815301076,1909f56bfc062723c751e8b465ee728b)
Start importing Assets/Original Bricks Textures/Bricks Texture 08/Bricks Texture 08 normal.tga using Guid(fdc3e28019d7b8d43b64975a74536517) Importer(815301076,1909f56bfc062723c751e8b465ee728b) [PhysX] Initialized MultithreadedTaskDispatcher with 12 workers.
[PhysX] Initialized MultithreadedTaskDispatcher with 12 workers.
 -> (artifact id: 'a2d673a60e27c5d278f6a9138e8ed1bc') in 0.143971 seconds
Number of updated asset objects reloaded before import = 0
Number of asset objects unloaded after import = 2
========================================================================
Received Import Request.
  Time since last request: 0.000026 seconds.
  path: Assets/Original Bricks Textures/Bricks Texture 11/Bricks Texture 11 diffuse.tga
  artifactKey: Guid(74790109aadc56e448a591bb54f608dc) Importer(815301076,1909f56bfc062723c751e8b465ee728b)
Start importing Assets/Original Bricks Textures/Bricks Texture 11/Bricks Texture 11 diffuse.tga using Guid(74790109aadc56e448a591bb54f608dc) Importer(815301076,1909f56bfc062723c751e8b465ee728b) [PhysX] Initialized MultithreadedTaskDispatcher with 12 workers.
[PhysX] Initialized MultithreadedTaskDispatcher with 12 workers.
 -> (artifact id: 'b3ed666091445abaf4783f8010c81572') in 0.083357 seconds
Number of updated asset objects reloaded before import = 0
Number of asset objects unloaded after import = 2
========================================================================
Received Import Request.
  Time since last request: 0.001090 seconds.
  path: Assets/Original Bricks Textures/Bricks Texture 10/Bricks Texture 10 diffuse.tga
  artifactKey: Guid(0123c2e8c7fbe234c8cff39210d650df) Importer(815301076,1909f56bfc062723c751e8b465ee728b)
Start importing Assets/Original Bricks Textures/Bricks Texture 10/Bricks Texture 10 diffuse.tga using Guid(0123c2e8c7fbe234c8cff39210d650df) Importer(815301076,1909f56bfc062723c751e8b465ee728b) [PhysX] Initialized MultithreadedTaskDispatcher with 12 workers.
[PhysX] Initialized MultithreadedTaskDispatcher with 12 workers.
 -> (artifact id: 'c506d15633408faf83d9b5fa8a101603') in 0.033062 seconds
Number of updated asset objects reloaded before import = 0
Number of asset objects unloaded after import = 2
========================================================================
Received Import Request.
  Time since last request: 0.099786 seconds.
  path: Assets/Original Bricks Textures/Bricks Texture 11/Bricks Texture 11 normal.tga
  artifactKey: Guid(af47e64f1a3037c48acdb466ad414da7) Importer(815301076,1909f56bfc062723c751e8b465ee728b)
Start importing Assets/Original Bricks Textures/Bricks Texture 11/Bricks Texture 11 normal.tga using Guid(af47e64f1a3037c48acdb466ad414da7) Importer(815301076,1909f56bfc062723c751e8b465ee728b) [PhysX] Initialized MultithreadedTaskDispatcher with 12 workers.
[PhysX] Initialized MultithreadedTaskDispatcher with 12 workers.
 -> (artifact id: 'cf3ef73e8a6bee79e942b214866feb2e') in 0.036981 seconds
Number of updated asset objects reloaded before import = 0
Number of asset objects unloaded after import = 2
========================================================================
Received Import Request.
  Time since last request: 0.000987 seconds.
  path: Assets/Original Bricks Textures/Bricks Texture 12/Bricks Texture 12 normal.tga
  artifactKey: Guid(7df0ebbf3cad5c64f80433628e29bda5) Importer(815301076,1909f56bfc062723c751e8b465ee728b)
Start importing Assets/Original Bricks Textures/Bricks Texture 12/Bricks Texture 12 normal.tga using Guid(7df0ebbf3cad5c64f80433628e29bda5) Importer(815301076,1909f56bfc062723c751e8b465ee728b) [PhysX] Initialized MultithreadedTaskDispatcher with 12 workers.
[PhysX] Initialized MultithreadedTaskDispatcher with 12 workers.
 -> (artifact id: '706dd67ab9b044489be215fcf3068e5b') in 0.036545 seconds
Number of updated asset objects reloaded before import = 0
Number of asset objects unloaded after import = 2
========================================================================
Received Import Request.
  Time since last request: 0.015111 seconds.
  path: Assets/Original Bricks Textures/Bricks Texture 13/Bricks Texture 13 normal.tga
  artifactKey: Guid(c8a5c77e1afa8134595707a0492cfe31) Importer(815301076,1909f56bfc062723c751e8b465ee728b)
Start importing Assets/Original Bricks Textures/Bricks Texture 13/Bricks Texture 13 normal.tga using Guid(c8a5c77e1afa8134595707a0492cfe31) Importer(815301076,1909f56bfc062723c751e8b465ee728b) [PhysX] Initialized MultithreadedTaskDispatcher with 12 workers.
[PhysX] Initialized MultithreadedTaskDispatcher with 12 workers.
 -> (artifact id: '3ebcd614fb1678d77f22f06b45396f76') in 0.029199 seconds
Number of updated asset objects reloaded before import = 0
Number of asset objects unloaded after import = 2
========================================================================
Received Import Request.
  Time since last request: 0.000027 seconds.
  path: Assets/Original Bricks Textures/Bricks Texture 15/Bricks Texture 15 diffuse.tga
  artifactKey: Guid(78f1ab9ec289bbe41b03f3b5ef02adf8) Importer(815301076,1909f56bfc062723c751e8b465ee728b)
Start importing Assets/Original Bricks Textures/Bricks Texture 15/Bricks Texture 15 diffuse.tga using Guid(78f1ab9ec289bbe41b03f3b5ef02adf8) Importer(815301076,1909f56bfc062723c751e8b465ee728b) [PhysX] Initialized MultithreadedTaskDispatcher with 12 workers.
[PhysX] Initialized MultithreadedTaskDispatcher with 12 workers.
 -> (artifact id: '30a29581f8e468d1110d79d69078aa24') in 0.062025 seconds
Number of updated asset objects reloaded before import = 0
Number of asset objects unloaded after import = 2
========================================================================
Received Import Request.
  Time since last request: 0.177278 seconds.
  path: Assets/Original Bricks Textures/Bricks Texture 15/Bricks Texture 15 normal.tga
  artifactKey: Guid(982fd9918ffefdf4abd79e27044c17de) Importer(815301076,1909f56bfc062723c751e8b465ee728b)
Start importing Assets/Original Bricks Textures/Bricks Texture 15/Bricks Texture 15 normal.tga using Guid(982fd9918ffefdf4abd79e27044c17de) Importer(815301076,1909f56bfc062723c751e8b465ee728b) [PhysX] Initialized MultithreadedTaskDispatcher with 12 workers.
[PhysX] Initialized MultithreadedTaskDispatcher with 12 workers.
 -> (artifact id: '7e4c6450dce6b241e92630b567ba2370') in 0.069857 seconds
Number of updated asset objects reloaded before import = 0
Number of asset objects unloaded after import = 2
========================================================================
Received Import Request.
  Time since last request: 0.000026 seconds.
  path: Assets/Solodream/VFX_FlamePack/Flipbooks/Flame03-hollow-temperature_16x5.exr
  artifactKey: Guid(2fb586f7edf3ef2459d316fb5782a65f) Importer(815301076,1909f56bfc062723c751e8b465ee728b)
Start importing Assets/Solodream/VFX_FlamePack/Flipbooks/Flame03-hollow-temperature_16x5.exr using Guid(2fb586f7edf3ef2459d316fb5782a65f) Importer(815301076,1909f56bfc062723c751e8b465ee728b) [PhysX] Initialized MultithreadedTaskDispatcher with 12 workers.
[PhysX] Initialized MultithreadedTaskDispatcher with 12 workers.
 -> (artifact id: '702a0fb7851a9c7a4c08477296bf6c1e') in 0.509695 seconds
Number of updated asset objects reloaded before import = 0
Number of asset objects unloaded after import = 82
========================================================================
Received Import Request.
  Time since last request: 0.000038 seconds.
  path: Assets/Solodream/VFX_FlamePack/Flipbooks/Flame03-temperature_16x4.exr
  artifactKey: Guid(46ee5fc42f8f79a43a6ce1340bdec54a) Importer(815301076,1909f56bfc062723c751e8b465ee728b)
Start importing Assets/Solodream/VFX_FlamePack/Flipbooks/Flame03-temperature_16x4.exr using Guid(46ee5fc42f8f79a43a6ce1340bdec54a) Importer(815301076,1909f56bfc062723c751e8b465ee728b) [PhysX] Initialized MultithreadedTaskDispatcher with 12 workers.
[PhysX] Initialized MultithreadedTaskDispatcher with 12 workers.
 -> (artifact id: '38b1eb6eaac993740ba139d484a08d7e') in 0.328051 seconds
Number of updated asset objects reloaded before import = 0
Number of asset objects unloaded after import = 66
========================================================================
Received Import Request.
  Time since last request: 0.000045 seconds.
  path: Assets/Solodream/VFX_FlamePack/Flipbooks/SmallFlame01-mini-temperature_16x4.exr
  artifactKey: Guid(8e197ff32dcf59d4ab1edc21da1eea93) Importer(815301076,1909f56bfc062723c751e8b465ee728b)
Start importing Assets/Solodream/VFX_FlamePack/Flipbooks/SmallFlame01-mini-temperature_16x4.exr using Guid(8e197ff32dcf59d4ab1edc21da1eea93) Importer(815301076,1909f56bfc062723c751e8b465ee728b) [PhysX] Initialized MultithreadedTaskDispatcher with 12 workers.
[PhysX] Initialized MultithreadedTaskDispatcher with 12 workers.
 -> (artifact id: '770468dc433439a5f356efb75ee6c1d0') in 0.328605 seconds
Number of updated asset objects reloaded before import = 0
Number of asset objects unloaded after import = 62
Editor requested this worker to shutdown with reason: Scaling down because of idle timeout
TcpMessagingSession - receive error: operation aborted. errorcode: 995, details: The I/O operation has been aborted because of either a thread exit or an application request.
AssetImportWorker is now disconnected from the server
Process exiting
Exiting without the bug reporter. Application will terminate with return code 0